;;; 
Export: Release 12.1.0.2.0 - Production on Sat Jul 6 17:37:58 2024

Copyright (c) 1982, 2014, Oracle and/or its affiliates.  All rights reserved.
;;; 
Connected to: Oracle Database 12c Enterprise Edition Release 12.1.0.2.0 - 64bit Production
With the Partitioning, OLAP, Advanced Analytics and Real Application Testing options
Starting "NV001"."SYS_EXPORT_SCHEMA_01":  NV001/********@ORCL DIRECTORY=TANHUY DUMPFILE=bakup.dmp SCHEMAS=NV001 
Estimate in progress using BLOCKS method...
Processing object type SCHEMA_EXPORT/TABLE/TABLE_DATA
Total estimation using BLOCKS method: 1.25 MB
Processing object type SCHEMA_EXPORT/USER
Processing object type SCHEMA_EXPORT/SYSTEM_GRANT
Processing object type SCHEMA_EXPORT/ROLE_GRANT
Processing object type SCHEMA_EXPORT/DEFAULT_ROLE
Processing object type SCHEMA_EXPORT/PRE_SCHEMA/PROCACT_SCHEMA
Processing object type SCHEMA_EXPORT/SEQUENCE/SEQUENCE
Processing object type SCHEMA_EXPORT/TABLE/TABLE
Processing object type SCHEMA_EXPORT/TABLE/GRANT/OWNER_GRANT/OBJECT_GRANT
Processing object type SCHEMA_EXPORT/TABLE/COMMENT
Processing object type SCHEMA_EXPORT/TABLE/AUDIT_OBJ
Processing object type SCHEMA_EXPORT/TABLE/RLS_POLICY/RLS_POLICY
Processing object type SCHEMA_EXPORT/TABLE/FGA_POLICY
Processing object type SCHEMA_EXPORT/FUNCTION/FUNCTION
Processing object type SCHEMA_EXPORT/FUNCTION/GRANT/OWNER_GRANT/OBJECT_GRANT
Processing object type SCHEMA_EXPORT/PROCEDURE/PROCEDURE
Processing object type SCHEMA_EXPORT/PROCEDURE/GRANT/OWNER_GRANT/OBJECT_GRANT
Processing object type SCHEMA_EXPORT/FUNCTION/ALTER_FUNCTION
Processing object type SCHEMA_EXPORT/PROCEDURE/ALTER_PROCEDURE
Processing object type SCHEMA_EXPORT/TABLE/INDEX/INDEX
Processing object type SCHEMA_EXPORT/TABLE/CONSTRAINT/CONSTRAINT
Processing object type SCHEMA_EXPORT/TABLE/INDEX/STATISTICS/INDEX_STATISTICS
Processing object type SCHEMA_EXPORT/TABLE/CONSTRAINT/REF_CONSTRAINT
Processing object type SCHEMA_EXPORT/TABLE/TRIGGER
Processing object type SCHEMA_EXPORT/EVENT/TRIGGER
Processing object type SCHEMA_EXPORT/TABLE/STATISTICS/TABLE_STATISTICS
Processing object type SCHEMA_EXPORT/STATISTICS/MARKER
. . exported "NV001"."GIAMSATUSER"                       121.7 KB    2932 rows
. . exported "NV001"."NHANVIEN"                          11.66 KB       9 rows
. . exported "NV001"."CAUHOI"                            13.03 KB      38 rows
. . exported "NV001"."CHITIETDETHI"                      9.046 KB      38 rows
. . exported "NV001"."COMBOMONAN"                        9.843 KB      10 rows
. . exported "NV001"."COMBOMONANHIENTHI"                 8.671 KB       2 rows
. . exported "NV001"."CONGNO"                            9.023 KB      16 rows
. . exported "NV001"."DANGKYKHAUPHANAN"                  7.273 KB       1 rows
. . exported "NV001"."DETHI"                             7.906 KB       5 rows
. . exported "NV001"."DIEMDANH"                          12.17 KB      79 rows
. . exported "NV001"."HOCSINH"                           9.632 KB      15 rows
. . exported "NV001"."KETQUA"                            6.851 KB       2 rows
. . exported "NV001"."LOP"                               6.468 KB       3 rows
. . exported "NV001"."MONHOC"                            5.976 KB       3 rows
. . exported "NV001"."PHUHUYNH"                          9.289 KB      15 rows
. . exported "NV001"."TAIKHOAN"                          6.171 KB      26 rows
Master table "NV001"."SYS_EXPORT_SCHEMA_01" successfully loaded/unloaded
******************************************************************************
Dump file set for NV001.SYS_EXPORT_SCHEMA_01 is:
  C:\USERS\NTH\DESKTOP\DUMP_FILE\BAKUP.DMP
Job "NV001"."SYS_EXPORT_SCHEMA_01" successfully completed at Sat Jul 6 17:38:49 2024 elapsed 0 00:00:48
